{"D:\\base_multi_tenant_react_web\\src\\core\\auth\\session\\session-telemetry-diag-context.policy.ts": {"path":"D:\\base_multi_tenant_react_web\\src\\core\\auth\\session\\session-telemetry-diag-context.policy.ts","all":false,"statementMap":{"0":{"start":{"line":1,"column":0},"end":{"line":1,"column":3}},"1":{"start":{"line":2,"column":0},"end":{"line":2,"column":97}},"2":{"start":{"line":3,"column":0},"end":{"line":3,"column":70}},"3":{"start":{"line":4,"column":0},"end":{"line":4,"column":3}},"4":{"start":{"line":5,"column":0},"end":{"line":5,"column":0}},"5":{"start":{"line":6,"column":0},"end":{"line":6,"column":102}},"6":{"start":{"line":7,"column":0},"end":{"line":7,"column":0}},"7":{"start":{"line":8,"column":0},"end":{"line":8,"column":69}},"8":{"start":{"line":9,"column":0},"end":{"line":9,"column":48}},"9":{"start":{"line":10,"column":0},"end":{"line":10,"column":17}},"10":{"start":{"line":11,"column":0},"end":{"line":11,"column":29}},"11":{"start":{"line":12,"column":0},"end":{"line":12,"column":11}},"12":{"start":{"line":13,"column":0},"end":{"line":13,"column":22}},"13":{"start":{"line":14,"column":0},"end":{"line":14,"column":30}},"14":{"start":{"line":15,"column":0},"end":{"line":15,"column":19}},"15":{"start":{"line":16,"column":0},"end":{"line":16,"column":19}},"16":{"start":{"line":17,"column":0},"end":{"line":17,"column":24}},"17":{"start":{"line":18,"column":0},"end":{"line":18,"column":29}},"18":{"start":{"line":19,"column":0},"end":{"line":19,"column":16}},"19":{"start":{"line":20,"column":0},"end":{"line":20,"column":32}},"20":{"start":{"line":21,"column":0},"end":{"line":21,"column":15}},"21":{"start":{"line":22,"column":0},"end":{"line":22,"column":15}},"22":{"start":{"line":23,"column":0},"end":{"line":23,"column":19}},"23":{"start":{"line":24,"column":0},"end":{"line":24,"column":21}},"24":{"start":{"line":25,"column":0},"end":{"line":25,"column":15}},"25":{"start":{"line":26,"column":0},"end":{"line":26,"column":12}},"26":{"start":{"line":27,"column":0},"end":{"line":27,"column":16}},"27":{"start":{"line":28,"column":0},"end":{"line":28,"column":14}},"28":{"start":{"line":29,"column":0},"end":{"line":29,"column":12}},"29":{"start":{"line":30,"column":0},"end":{"line":30,"column":13}},"30":{"start":{"line":31,"column":0},"end":{"line":31,"column":9}},"31":{"start":{"line":32,"column":0},"end":{"line":32,"column":20}},"32":{"start":{"line":33,"column":0},"end":{"line":33,"column":18}},"33":{"start":{"line":34,"column":0},"end":{"line":34,"column":14}},"34":{"start":{"line":35,"column":0},"end":{"line":35,"column":15}},"35":{"start":{"line":36,"column":0},"end":{"line":36,"column":11}},"36":{"start":{"line":37,"column":0},"end":{"line":37,"column":11}},"37":{"start":{"line":38,"column":0},"end":{"line":38,"column":15}},"38":{"start":{"line":39,"column":0},"end":{"line":39,"column":14}},"39":{"start":{"line":40,"column":0},"end":{"line":40,"column":19}},"40":{"start":{"line":41,"column":0},"end":{"line":41,"column":17}},"41":{"start":{"line":42,"column":0},"end":{"line":42,"column":8}},"42":{"start":{"line":43,"column":0},"end":{"line":43,"column":14}},"43":{"start":{"line":44,"column":0},"end":{"line":44,"column":3}},"44":{"start":{"line":45,"column":0},"end":{"line":45,"column":0}},"45":{"start":{"line":46,"column":0},"end":{"line":46,"column":73}},"46":{"start":{"line":47,"column":0},"end":{"line":47,"column":50}},"47":{"start":{"line":48,"column":0},"end":{"line":48,"column":16}},"48":{"start":{"line":49,"column":0},"end":{"line":49,"column":17}},"49":{"start":{"line":50,"column":0},"end":{"line":50,"column":22}},"50":{"start":{"line":51,"column":0},"end":{"line":51,"column":10}},"51":{"start":{"line":52,"column":0},"end":{"line":52,"column":11}},"52":{"start":{"line":53,"column":0},"end":{"line":53,"column":19}},"53":{"start":{"line":54,"column":0},"end":{"line":54,"column":21}},"54":{"start":{"line":55,"column":0},"end":{"line":55,"column":13}},"55":{"start":{"line":56,"column":0},"end":{"line":56,"column":26}},"56":{"start":{"line":57,"column":0},"end":{"line":57,"column":18}},"57":{"start":{"line":58,"column":0},"end":{"line":58,"column":20}},"58":{"start":{"line":59,"column":0},"end":{"line":59,"column":16}},"59":{"start":{"line":60,"column":0},"end":{"line":60,"column":17}},"60":{"start":{"line":61,"column":0},"end":{"line":61,"column":12}},"61":{"start":{"line":62,"column":0},"end":{"line":62,"column":15}},"62":{"start":{"line":63,"column":0},"end":{"line":63,"column":13}},"63":{"start":{"line":64,"column":0},"end":{"line":64,"column":3}},"64":{"start":{"line":65,"column":0},"end":{"line":65,"column":0}},"65":{"start":{"line":66,"column":0},"end":{"line":66,"column":60}},"66":{"start":{"line":67,"column":0},"end":{"line":67,"column":50}},"67":{"start":{"line":68,"column":0},"end":{"line":68,"column":17}},"68":{"start":{"line":69,"column":0},"end":{"line":69,"column":3}},"69":{"start":{"line":70,"column":0},"end":{"line":70,"column":49}},"70":{"start":{"line":71,"column":0},"end":{"line":71,"column":1}},"71":{"start":{"line":72,"column":0},"end":{"line":72,"column":0}},"72":{"start":{"line":73,"column":0},"end":{"line":73,"column":66}},"73":{"start":{"line":74,"column":0},"end":{"line":74,"column":56}},"74":{"start":{"line":75,"column":0},"end":{"line":75,"column":33}},"75":{"start":{"line":76,"column":0},"end":{"line":76,"column":28}},"76":{"start":{"line":77,"column":0},"end":{"line":77,"column":45}},"77":{"start":{"line":78,"column":0},"end":{"line":78,"column":0}},"78":{"start":{"line":79,"column":0},"end":{"line":79,"column":53}},"79":{"start":{"line":80,"column":0},"end":{"line":80,"column":44}},"80":{"start":{"line":81,"column":0},"end":{"line":81,"column":15}},"81":{"start":{"line":82,"column":0},"end":{"line":82,"column":5}},"82":{"start":{"line":83,"column":0},"end":{"line":83,"column":24}},"83":{"start":{"line":84,"column":0},"end":{"line":84,"column":3}},"84":{"start":{"line":85,"column":0},"end":{"line":85,"column":0}},"85":{"start":{"line":86,"column":0},"end":{"line":86,"column":16}},"86":{"start":{"line":87,"column":0},"end":{"line":87,"column":1}},"87":{"start":{"line":88,"column":0},"end":{"line":88,"column":0}},"88":{"start":{"line":89,"column":0},"end":{"line":89,"column":3}},"89":{"start":{"line":90,"column":0},"end":{"line":90,"column":93}},"90":{"start":{"line":91,"column":0},"end":{"line":91,"column":63}},"91":{"start":{"line":92,"column":0},"end":{"line":92,"column":3}},"92":{"start":{"line":93,"column":0},"end":{"line":93,"column":48}},"93":{"start":{"line":94,"column":0},"end":{"line":94,"column":33}},"94":{"start":{"line":95,"column":0},"end":{"line":95,"column":28}},"95":{"start":{"line":96,"column":0},"end":{"line":96,"column":69}},"96":{"start":{"line":97,"column":0},"end":{"line":97,"column":48}},"97":{"start":{"line":98,"column":0},"end":{"line":98,"column":51}},"98":{"start":{"line":99,"column":0},"end":{"line":99,"column":1}}},"s":{"0":1,"1":1,"2":1,"3":1,"4":1,"5":1,"6":1,"7":1,"8":1,"9":1,"10":1,"11":1,"12":1,"13":1,"14":1,"15":1,"16":1,"17":1,"18":1,"19":1,"20":1,"21":1,"22":1,"23":1,"24":1,"25":1,"26":1,"27":1,"28":1,"29":1,"30":1,"31":1,"32":1,"33":1,"34":1,"35":1,"36":1,"37":1,"38":1,"39":1,"40":1,"41":1,"42":1,"43":1,"44":1,"45":1,"46":1,"47":1,"48":1,"49":1,"50":1,"51":1,"52":1,"53":1,"54":1,"55":1,"56":1,"57":1,"58":1,"59":1,"60":1,"61":1,"62":1,"63":1,"64":1,"65":12,"66":12,"67":7,"68":7,"69":5,"70":5,"71":1,"72":1,"73":1,"74":3,"75":3,"76":3,"77":3,"78":3,"79":12,"80":7,"81":7,"82":5,"83":5,"84":3,"85":3,"86":3,"87":1,"88":1,"89":1,"90":1,"91":1,"92":1,"93":1,"94":1,"95":1,"96":1,"97":1,"98":1},"branchMap":{"0":{"type":"branch","line":66,"loc":{"start":{"line":66,"column":0},"end":{"line":71,"column":1}},"locations":[{"start":{"line":66,"column":0},"end":{"line":71,"column":1}}]},"1":{"type":"branch","line":67,"loc":{"start":{"line":67,"column":49},"end":{"line":69,"column":3}},"locations":[{"start":{"line":67,"column":49},"end":{"line":69,"column":3}}]},"2":{"type":"branch","line":69,"loc":{"start":{"line":69,"column":2},"end":{"line":71,"column":1}},"locations":[{"start":{"line":69,"column":2},"end":{"line":71,"column":1}}]},"3":{"type":"branch","line":74,"loc":{"start":{"line":74,"column":7},"end":{"line":87,"column":1}},"locations":[{"start":{"line":74,"column":7},"end":{"line":87,"column":1}}]},"4":{"type":"branch","line":79,"loc":{"start":{"line":79,"column":52},"end":{"line":84,"column":3}},"locations":[{"start":{"line":79,"column":52},"end":{"line":84,"column":3}}]},"5":{"type":"branch","line":80,"loc":{"start":{"line":80,"column":43},"end":{"line":82,"column":5}},"locations":[{"start":{"line":80,"column":43},"end":{"line":82,"column":5}}]},"6":{"type":"branch","line":82,"loc":{"start":{"line":82,"column":4},"end":{"line":84,"column":3}},"locations":[{"start":{"line":82,"column":4},"end":{"line":84,"column":3}}]},"7":{"type":"branch","line":93,"loc":{"start":{"line":93,"column":7},"end":{"line":99,"column":1}},"locations":[{"start":{"line":93,"column":7},"end":{"line":99,"column":1}}]}},"b":{"0":[12],"1":[7],"2":[5],"3":[3],"4":[12],"5":[7],"6":[5],"7":[1]},"fnMap":{"0":{"name":"isAllowlistedDiagContextKey","decl":{"start":{"line":66,"column":0},"end":{"line":71,"column":1}},"loc":{"start":{"line":66,"column":0},"end":{"line":71,"column":1}},"line":66},"1":{"name":"pickAllowlistedSessionDiagContextFields","decl":{"start":{"line":74,"column":7},"end":{"line":87,"column":1}},"loc":{"start":{"line":74,"column":7},"end":{"line":87,"column":1}},"line":74},"2":{"name":"prepareSessionDiagContextFields","decl":{"start":{"line":93,"column":7},"end":{"line":99,"column":1}},"loc":{"start":{"line":93,"column":7},"end":{"line":99,"column":1}},"line":93}},"f":{"0":12,"1":3,"2":1}}
,"D:\\base_multi_tenant_react_web\\src\\core\\auth\\session\\session-telemetry-redaction.policy.ts": {"path":"D:\\base_multi_tenant_react_web\\src\\core\\auth\\session\\session-telemetry-redaction.policy.ts","all":false,"statementMap":{"0":{"start":{"line":1,"column":0},"end":{"line":1,"column":3}},"1":{"start":{"line":2,"column":0},"end":{"line":2,"column":73}},"2":{"start":{"line":3,"column":0},"end":{"line":3,"column":63}},"3":{"start":{"line":4,"column":0},"end":{"line":4,"column":3}},"4":{"start":{"line":5,"column":0},"end":{"line":5,"column":0}},"5":{"start":{"line":6,"column":0},"end":{"line":6,"column":60}},"6":{"start":{"line":7,"column":0},"end":{"line":7,"column":53}},"7":{"start":{"line":8,"column":0},"end":{"line":8,"column":0}},"8":{"start":{"line":9,"column":0},"end":{"line":9,"column":30}},"9":{"start":{"line":10,"column":0},"end":{"line":10,"column":0}},"10":{"start":{"line":11,"column":0},"end":{"line":11,"column":32}},"11":{"start":{"line":12,"column":0},"end":{"line":12,"column":16}},"12":{"start":{"line":13,"column":0},"end":{"line":13,"column":17}},"13":{"start":{"line":14,"column":0},"end":{"line":14,"column":18}},"14":{"start":{"line":15,"column":0},"end":{"line":15,"column":17}},"15":{"start":{"line":16,"column":0},"end":{"line":16,"column":13}},"16":{"start":{"line":17,"column":0},"end":{"line":17,"column":20}},"17":{"start":{"line":18,"column":0},"end":{"line":18,"column":18}},"18":{"start":{"line":19,"column":0},"end":{"line":19,"column":18}},"19":{"start":{"line":20,"column":0},"end":{"line":20,"column":15}},"20":{"start":{"line":21,"column":0},"end":{"line":21,"column":15}},"21":{"start":{"line":22,"column":0},"end":{"line":22,"column":11}},"22":{"start":{"line":23,"column":0},"end":{"line":23,"column":12}},"23":{"start":{"line":24,"column":0},"end":{"line":24,"column":20}},"24":{"start":{"line":25,"column":0},"end":{"line":25,"column":3}},"25":{"start":{"line":26,"column":0},"end":{"line":26,"column":0}},"26":{"start":{"line":27,"column":0},"end":{"line":27,"column":73}},"27":{"start":{"line":28,"column":0},"end":{"line":28,"column":0}},"28":{"start":{"line":29,"column":0},"end":{"line":29,"column":74}},"29":{"start":{"line":30,"column":0},"end":{"line":30,"column":78}},"30":{"start":{"line":31,"column":0},"end":{"line":31,"column":1}},"31":{"start":{"line":32,"column":0},"end":{"line":32,"column":0}},"32":{"start":{"line":33,"column":0},"end":{"line":33,"column":66}},"33":{"start":{"line":34,"column":0},"end":{"line":34,"column":53}},"34":{"start":{"line":35,"column":0},"end":{"line":35,"column":0}},"35":{"start":{"line":36,"column":0},"end":{"line":36,"column":80}},"36":{"start":{"line":37,"column":0},"end":{"line":37,"column":20}},"37":{"start":{"line":38,"column":0},"end":{"line":38,"column":3}},"38":{"start":{"line":39,"column":0},"end":{"line":39,"column":0}},"39":{"start":{"line":40,"column":0},"end":{"line":40,"column":81}},"40":{"start":{"line":41,"column":0},"end":{"line":41,"column":69}},"41":{"start":{"line":42,"column":0},"end":{"line":42,"column":3}},"42":{"start":{"line":43,"column":0},"end":{"line":43,"column":0}},"43":{"start":{"line":44,"column":0},"end":{"line":44,"column":55}},"44":{"start":{"line":45,"column":0},"end":{"line":45,"column":0}},"45":{"start":{"line":46,"column":0},"end":{"line":46,"column":61}},"46":{"start":{"line":47,"column":0},"end":{"line":47,"column":76}},"47":{"start":{"line":48,"column":0},"end":{"line":48,"column":3}},"48":{"start":{"line":49,"column":0},"end":{"line":49,"column":0}},"49":{"start":{"line":50,"column":0},"end":{"line":50,"column":19}},"50":{"start":{"line":51,"column":0},"end":{"line":51,"column":1}},"51":{"start":{"line":52,"column":0},"end":{"line":52,"column":0}},"52":{"start":{"line":53,"column":0},"end":{"line":53,"column":67}},"53":{"start":{"line":54,"column":0},"end":{"line":54,"column":46}},"54":{"start":{"line":55,"column":0},"end":{"line":55,"column":17}},"55":{"start":{"line":56,"column":0},"end":{"line":56,"column":3}},"56":{"start":{"line":57,"column":0},"end":{"line":57,"column":0}},"57":{"start":{"line":58,"column":0},"end":{"line":58,"column":34}},"58":{"start":{"line":59,"column":0},"end":{"line":59,"column":42}},"59":{"start":{"line":60,"column":0},"end":{"line":60,"column":3}},"60":{"start":{"line":61,"column":0},"end":{"line":61,"column":0}},"61":{"start":{"line":62,"column":0},"end":{"line":62,"column":64}},"62":{"start":{"line":63,"column":0},"end":{"line":63,"column":17}},"63":{"start":{"line":64,"column":0},"end":{"line":64,"column":3}},"64":{"start":{"line":65,"column":0},"end":{"line":65,"column":0}},"65":{"start":{"line":66,"column":0},"end":{"line":66,"column":29}},"66":{"start":{"line":67,"column":0},"end":{"line":67,"column":52}},"67":{"start":{"line":68,"column":0},"end":{"line":68,"column":3}},"68":{"start":{"line":69,"column":0},"end":{"line":69,"column":0}},"69":{"start":{"line":70,"column":0},"end":{"line":70,"column":29}},"70":{"start":{"line":71,"column":0},"end":{"line":71,"column":33}},"71":{"start":{"line":72,"column":0},"end":{"line":72,"column":3}},"72":{"start":{"line":73,"column":0},"end":{"line":73,"column":0}},"73":{"start":{"line":74,"column":0},"end":{"line":74,"column":18}},"74":{"start":{"line":75,"column":0},"end":{"line":75,"column":1}},"75":{"start":{"line":76,"column":0},"end":{"line":76,"column":0}},"76":{"start":{"line":77,"column":0},"end":{"line":77,"column":76}},"77":{"start":{"line":78,"column":0},"end":{"line":78,"column":89}},"78":{"start":{"line":79,"column":0},"end":{"line":79,"column":45}},"79":{"start":{"line":80,"column":0},"end":{"line":80,"column":0}},"80":{"start":{"line":81,"column":0},"end":{"line":81,"column":53}},"81":{"start":{"line":82,"column":0},"end":{"line":82,"column":34}},"82":{"start":{"line":83,"column":0},"end":{"line":83,"column":40}},"83":{"start":{"line":84,"column":0},"end":{"line":84,"column":21}},"84":{"start":{"line":85,"column":0},"end":{"line":85,"column":35}},"85":{"start":{"line":86,"column":0},"end":{"line":86,"column":71}},"86":{"start":{"line":87,"column":0},"end":{"line":87,"column":23}},"87":{"start":{"line":88,"column":0},"end":{"line":88,"column":14}},"88":{"start":{"line":89,"column":0},"end":{"line":89,"column":31}},"89":{"start":{"line":90,"column":0},"end":{"line":90,"column":7}},"90":{"start":{"line":91,"column":0},"end":{"line":91,"column":15}},"91":{"start":{"line":92,"column":0},"end":{"line":92,"column":5}},"92":{"start":{"line":93,"column":0},"end":{"line":93,"column":0}},"93":{"start":{"line":94,"column":0},"end":{"line":94,"column":44}},"94":{"start":{"line":95,"column":0},"end":{"line":95,"column":3}},"95":{"start":{"line":96,"column":0},"end":{"line":96,"column":0}},"96":{"start":{"line":97,"column":0},"end":{"line":97,"column":16}},"97":{"start":{"line":98,"column":0},"end":{"line":98,"column":1}},"98":{"start":{"line":99,"column":0},"end":{"line":99,"column":0}},"99":{"start":{"line":100,"column":0},"end":{"line":100,"column":48}},"100":{"start":{"line":101,"column":0},"end":{"line":101,"column":86}},"101":{"start":{"line":102,"column":0},"end":{"line":102,"column":44}},"102":{"start":{"line":103,"column":0},"end":{"line":103,"column":16}},"103":{"start":{"line":104,"column":0},"end":{"line":104,"column":3}},"104":{"start":{"line":105,"column":0},"end":{"line":105,"column":67}},"105":{"start":{"line":106,"column":0},"end":{"line":106,"column":1}},"106":{"start":{"line":107,"column":0},"end":{"line":107,"column":0}},"107":{"start":{"line":108,"column":0},"end":{"line":108,"column":68}},"108":{"start":{"line":109,"column":0},"end":{"line":109,"column":47}},"109":{"start":{"line":110,"column":0},"end":{"line":110,"column":35}},"110":{"start":{"line":111,"column":0},"end":{"line":111,"column":28}},"111":{"start":{"line":112,"column":0},"end":{"line":112,"column":33}},"112":{"start":{"line":113,"column":0},"end":{"line":113,"column":1}}},"s":{"0":1,"1":1,"2":1,"3":1,"4":1,"5":1,"6":1,"7":1,"8":1,"9":1,"10":1,"11":1,"12":1,"13":1,"14":1,"15":1,"16":1,"17":1,"18":1,"19":1,"20":1,"21":1,"22":1,"23":1,"24":1,"25":1,"26":1,"27":1,"28":0,"29":0,"30":0,"31":1,"32":2,"33":2,"34":2,"35":2,"36":0,"37":0,"38":2,"39":2,"40":0,"41":0,"42":2,"43":2,"44":2,"45":2,"46":0,"47":0,"48":2,"49":2,"50":2,"51":1,"52":4,"53":4,"54":0,"55":0,"56":4,"57":4,"58":2,"59":2,"60":2,"61":4,"62":2,"63":2,"64":0,"65":0,"66":0,"67":0,"68":0,"69":0,"70":0,"71":0,"72":0,"73":0,"74":0,"75":1,"76":1,"77":1,"78":2,"79":2,"80":2,"81":4,"82":0,"83":0,"84":0,"85":0,"86":0,"87":0,"88":0,"89":0,"90":0,"91":0,"92":4,"93":4,"94":4,"95":2,"96":2,"97":2,"98":1,"99":1,"100":1,"101":0,"102":0,"103":0,"104":0,"105":0,"106":1,"107":1,"108":1,"109":1,"110":1,"111":1,"112":1},"branchMap":{"0":{"type":"branch","line":33,"loc":{"start":{"line":33,"column":0},"end":{"line":51,"column":1}},"locations":[{"start":{"line":33,"column":0},"end":{"line":51,"column":1}}]},"1":{"type":"branch","line":34,"loc":{"start":{"line":34,"column":45},"end":{"line":34,"column":53}},"locations":[{"start":{"line":34,"column":45},"end":{"line":34,"column":53}}]},"2":{"type":"branch","line":36,"loc":{"start":{"line":36,"column":25},"end":{"line":36,"column":38}},"locations":[{"start":{"line":36,"column":25},"end":{"line":36,"column":38}}]},"3":{"type":"branch","line":36,"loc":{"start":{"line":36,"column":79},"end":{"line":38,"column":3}},"locations":[{"start":{"line":36,"column":79},"end":{"line":38,"column":3}}]},"4":{"type":"branch","line":40,"loc":{"start":{"line":40,"column":80},"end":{"line":42,"column":3}},"locations":[{"start":{"line":40,"column":80},"end":{"line":42,"column":3}}]},"5":{"type":"branch","line":46,"loc":{"start":{"line":46,"column":60},"end":{"line":48,"column":3}},"locations":[{"start":{"line":46,"column":60},"end":{"line":48,"column":3}}]},"6":{"type":"branch","line":53,"loc":{"start":{"line":53,"column":0},"end":{"line":75,"column":1}},"locations":[{"start":{"line":53,"column":0},"end":{"line":75,"column":1}}]},"7":{"type":"branch","line":54,"loc":{"start":{"line":54,"column":45},"end":{"line":56,"column":3}},"locations":[{"start":{"line":54,"column":45},"end":{"line":56,"column":3}}]},"8":{"type":"branch","line":58,"loc":{"start":{"line":58,"column":33},"end":{"line":62,"column":35}},"locations":[{"start":{"line":58,"column":33},"end":{"line":62,"column":35}}]},"9":{"type":"branch","line":62,"loc":{"start":{"line":62,"column":23},"end":{"line":62,"column":63}},"locations":[{"start":{"line":62,"column":23},"end":{"line":62,"column":63}}]},"10":{"type":"branch","line":62,"loc":{"start":{"line":62,"column":63},"end":{"line":64,"column":3}},"locations":[{"start":{"line":62,"column":63},"end":{"line":64,"column":3}}]},"11":{"type":"branch","line":64,"loc":{"start":{"line":64,"column":2},"end":{"line":75,"column":1}},"locations":[{"start":{"line":64,"column":2},"end":{"line":75,"column":1}}]},"12":{"type":"branch","line":78,"loc":{"start":{"line":78,"column":7},"end":{"line":98,"column":1}},"locations":[{"start":{"line":78,"column":7},"end":{"line":98,"column":1}}]},"13":{"type":"branch","line":81,"loc":{"start":{"line":81,"column":52},"end":{"line":95,"column":3}},"locations":[{"start":{"line":81,"column":52},"end":{"line":95,"column":3}}]},"14":{"type":"branch","line":82,"loc":{"start":{"line":82,"column":33},"end":{"line":92,"column":5}},"locations":[{"start":{"line":82,"column":33},"end":{"line":92,"column":5}}]},"15":{"type":"branch","line":109,"loc":{"start":{"line":109,"column":7},"end":{"line":113,"column":1}},"locations":[{"start":{"line":109,"column":7},"end":{"line":113,"column":1}}]}},"b":{"0":[2],"1":[0],"2":[0],"3":[0],"4":[0],"5":[0],"6":[4],"7":[0],"8":[2],"9":[0],"10":[2],"11":[0],"12":[2],"13":[4],"14":[0],"15":[1]},"fnMap":{"0":{"name":"isPlainObject","decl":{"start":{"line":29,"column":0},"end":{"line":31,"column":1}},"loc":{"start":{"line":29,"column":0},"end":{"line":31,"column":1}},"line":29},"1":{"name":"sanitizeString","decl":{"start":{"line":33,"column":0},"end":{"line":51,"column":1}},"loc":{"start":{"line":33,"column":0},"end":{"line":51,"column":1}},"line":33},"2":{"name":"sanitizeValue","decl":{"start":{"line":53,"column":0},"end":{"line":75,"column":1}},"loc":{"start":{"line":53,"column":0},"end":{"line":75,"column":1}},"line":53},"3":{"name":"sanitizeRecord","decl":{"start":{"line":78,"column":7},"end":{"line":98,"column":1}},"loc":{"start":{"line":78,"column":7},"end":{"line":98,"column":1}},"line":78},"4":{"name":"toAccessTokenPrefix","decl":{"start":{"line":101,"column":7},"end":{"line":106,"column":1}},"loc":{"start":{"line":101,"column":7},"end":{"line":106,"column":1}},"line":101},"5":{"name":"applySessionTelemetryRedaction","decl":{"start":{"line":109,"column":7},"end":{"line":113,"column":1}},"loc":{"start":{"line":109,"column":7},"end":{"line":113,"column":1}},"line":109}},"f":{"0":0,"1":2,"2":4,"3":2,"4":0,"5":1}}
}
